<?xml version="1.0" encoding="UTF-8"?>
<!-- Generated by org.testng.reporters.JUnitReportReporter -->
<testsuite skipped="0" hostname="HIBAIL56180" name="Classess.LunchtheBrowsers" tests="1" failures="0" timestamp="25 May 2020 14:29:23 GMT" time="43.242" errors="0">
  <testcase name="lunch" time="43.242" classname="Classess.LunchtheBrowsers"/>
</testsuite> <!-- Classess.LunchtheBrowsers -->
